# JRE version: OpenJDK Runtime Environment (17.0.10) (build 17.0.10+0--11572160)
# Java VM: OpenJDK 64-Bit Server VM (17.0.10+0--11572160, mixed mode, tiered, compressed oops, compressed class ptrs, g1 gc, windows-amd64)
GC Precious Log:
 CPUs: 16 total, 16 available
 Memory: 15741M
 Large Page Support: Disabled
 NUMA Support: Disabled
 Compressed Oops: Enabled (32-bit)
 Heap Region Size: 1M
 Heap Min Capacity: 8M
 Heap Initial Capacity: 246M
 Heap Max Capacity: 1536M
 Pre-touch: Disabled
 Parallel Workers: 13
 Concurrent Workers: 3
 Concurrent Refinement Workers: 13
 Periodic GC: Disabled
Heap:
 garbage-first heap   total 97280K, used 28466K [0x00000000a0000000, 0x0000000100000000)
  region size 1024K, 5 young (5120K), 1 survivors (1024K)
 Metaspace       used 39859K, committed 40128K, reserved 1114112K
  class space    used 5204K, committed 5312K, reserved 1048576K
GC Heap History (18 events):
Event: 0.512 GC heap before
{Heap before GC invocations=0 (full 0):
 garbage-first heap   total 251904K, used 28672K [0x00000000a0000000, 0x0000000100000000)
  region size 1024K, 23 young (23552K), 0 survivors (0K)
 Metaspace       used 10309K, committed 10496K, reserved 1114112K
  class space    used 1063K, committed 1152K, reserved 1048576K
}
Event: 0.515 GC heap after
{Heap after GC invocations=1 (full 0):
 garbage-first heap   total 251904K, used 9072K [0x00000000a0000000, 0x0000000100000000)
  region size 1024K, 3 young (3072K), 3 survivors (3072K)
 Metaspace       used 10309K, committed 10496K, reserved 1114112K
  class space    used 1063K, committed 1152K, reserved 1048576K
}
Event: 0.724 GC heap before
{Heap before GC invocations=1 (full 0):
 garbage-first heap   total 251904K, used 39792K [0x00000000a0000000, 0x0000000100000000)
  region size 1024K, 32 young (32768K), 3 survivors (3072K)
 Metaspace       used 11287K, committed 11456K, reserved 1114112K
  class space    used 1167K, committed 1280K, reserved 1048576K
}
Event: 0.726 GC heap after
{Heap after GC invocations=2 (full 0):
 garbage-first heap   total 251904K, used 13203K [0x00000000a0000000, 0x0000000100000000)
  region size 1024K, 4 young (4096K), 4 survivors (4096K)
 Metaspace       used 11287K, committed 11456K, reserved 1114112K
  class space    used 1167K, committed 1280K, reserved 1048576K
}
Event: 1.322 GC heap before
{Heap before GC invocations=2 (full 0):
 garbage-first heap   total 251904K, used 52115K [0x00000000a0000000, 0x0000000100000000)
  region size 1024K, 43 young (44032K), 4 survivors (4096K)
 Metaspace       used 21248K, committed 21504K, reserved 1114112K
  class space    used 2530K, committed 2624K, reserved 1048576K
}
Event: 1.325 GC heap after
{Heap after GC invocations=3 (full 0):
 garbage-first heap   total 251904K, used 17550K [0x00000000a0000000, 0x0000000100000000)
  region size 1024K, 9 young (9216K), 9 survivors (9216K)
 Metaspace       used 21248K, committed 21504K, reserved 1114112K
  class space    used 2530K, committed 2624K, reserved 1048576K
}
Event: 1.640 GC heap before
{Heap before GC invocations=4 (full 0):
 garbage-first heap   total 65536K, used 49294K [0x00000000a0000000, 0x0000000100000000)
  region size 1024K, 42 young (43008K), 9 survivors (9216K)
 Metaspace       used 26716K, committed 27008K, reserved 1114112K
  class space    used 3460K, committed 3584K, reserved 1048576K
}
Event: 1.643 GC heap after
{Heap after GC invocations=5 (full 0):
 garbage-first heap   total 65536K, used 19830K [0x00000000a0000000, 0x0000000100000000)
  region size 1024K, 3 young (3072K), 3 survivors (3072K)
 Metaspace       used 26716K, committed 27008K, reserved 1114112K
  class space    used 3460K, committed 3584K, reserved 1048576K
}
Event: 1.658 GC heap before
{Heap before GC invocations=5 (full 0):
 garbage-first heap   total 65536K, used 20854K [0x00000000a0000000, 0x0000000100000000)
  region size 1024K, 4 young (4096K), 3 survivors (3072K)
 Metaspace       used 26934K, committed 27200K, reserved 1114112K
  class space    used 3488K, committed 3584K, reserved 1048576K
}
Event: 1.660 GC heap after
{Heap after GC invocations=6 (full 0):
 garbage-first heap   total 65536K, used 19939K [0x00000000a0000000, 0x0000000100000000)
  region size 1024K, 1 young (1024K), 1 survivors (1024K)
 Metaspace       used 26934K, committed 27200K, reserved 1114112K
  class space    used 3488K, committed 3584K, reserved 1048576K
}
Event: 1.921 GC heap before
{Heap before GC invocations=6 (full 0):
 garbage-first heap   total 65536K, used 45539K [0x00000000a0000000, 0x0000000100000000)
  region size 1024K, 26 young (26624K), 1 survivors (1024K)
 Metaspace       used 30813K, committed 31104K, reserved 1114112K
  class space    used 4113K, committed 4288K, reserved 1048576K
}
Event: 1.923 GC heap after
{Heap after GC invocations=7 (full 0):
 garbage-first heap   total 65536K, used 20744K [0x00000000a0000000, 0x0000000100000000)
  region size 1024K, 2 young (2048K), 2 survivors (2048K)
 Metaspace       used 30813K, committed 31104K, reserved 1114112K
  class space    used 4113K, committed 4288K, reserved 1048576K
}
Event: 2.161 GC heap before
{Heap before GC invocations=7 (full 0):
 garbage-first heap   total 65536K, used 45320K [0x00000000a0000000, 0x0000000100000000)
  region size 1024K, 27 young (27648K), 2 survivors (2048K)
 Metaspace       used 35714K, committed 35968K, reserved 1114112K
  class space    used 4706K, committed 4800K, reserved 1048576K
}
Event: 2.163 GC heap after
{Heap after GC invocations=8 (full 0):
 garbage-first heap   total 65536K, used 22846K [0x00000000a0000000, 0x0000000100000000)
  region size 1024K, 4 young (4096K), 4 survivors (4096K)
 Metaspace       used 35714K, committed 35968K, reserved 1114112K
  class space    used 4706K, committed 4800K, reserved 1048576K
}
Event: 2.375 GC heap before
{Heap before GC invocations=9 (full 0):
 garbage-first heap   total 65536K, used 47422K [0x00000000a0000000, 0x0000000100000000)
  region size 1024K, 29 young (29696K), 4 survivors (4096K)
 Metaspace       used 38801K, committed 39040K, reserved 1114112K
  class space    used 5066K, committed 5184K, reserved 1048576K
}
Event: 2.377 GC heap after
{Heap after GC invocations=10 (full 0):
 garbage-first heap   total 65536K, used 25713K [0x00000000a0000000, 0x0000000100000000)
  region size 1024K, 3 young (3072K), 3 survivors (3072K)
 Metaspace       used 38801K, committed 39040K, reserved 1114112K
  class space    used 5066K, committed 5184K, reserved 1048576K
}
Event: 2.399 GC heap before
{Heap before GC invocations=10 (full 0):
 garbage-first heap   total 65536K, used 26737K [0x00000000a0000000, 0x0000000100000000)
  region size 1024K, 4 young (4096K), 3 survivors (3072K)
 Metaspace       used 39075K, committed 39424K, reserved 1114112K
  class space    used 5105K, committed 5248K, reserved 1048576K
}
Event: 2.400 GC heap after
{Heap after GC invocations=11 (full 0):
 garbage-first heap   total 97280K, used 25394K [0x00000000a0000000, 0x0000000100000000)
  region size 1024K, 1 young (1024K), 1 survivors (1024K)
 Metaspace       used 39075K, committed 39424K, reserved 1114112K
  class space    used 5105K, committed 5248K, reserved 1048576K
}

